                                                                                                                        
>>>>>>>>>>>>>>>>>>>>>>>>>>>>>>>>>>>>>>>>>>>>>>>>>>>>>>>>>>>>>>>>>>>>>>>>>>>>>>>>>>>>>>>>>>>>>>>>>>>>>>>>>>>>>>>>>>>>>>>>
2024-10-23 23:31:20,552 - INFO - START NSP_Skill_Respitory_Assessment =============================================
2024-10-23 23:31:20,552 - INFO - START NSP_Skill_Respitory_Assessment Start Time = 2024-10-23 23:31:20
2024-10-23 23:31:20,552 - INFO - NSP_Skill_Respitory_Assessment Step 0 - Initialize the configuration file parser
2024-10-23 23:31:20,553 - INFO - Process NSP_Skill_Respitory_Assessment Step 0 - Initializing and starting Logging Process.
2024-10-23 23:31:20,598 - INFO - PERFORMANCE NSP_Skill_Respitory_Assessment The total process duration was:0.05
2024-10-23 23:31:20,598 - INFO - PERFORMANCE NSP_Skill_Respitory_Assessment Stop Time = 2024-10-23 23:31:20
2024-10-23 23:31:20,598 - INFO - PERFORMANCE NSP_Skill_Respitory_Assessment Short process duration less than 3 Seconds:0.05
2024-10-23 23:31:20,598 - INFO - PERFORMANCE NSP_Skill_Respitory_Assessment Performance optimization is not reccomended
2024-10-23 23:31:20,598 - INFO - END NSP_Skill_Respitory_Assessment =============================================

<<<<<<<<<<<<<<<<<<<<<<<<<<<<<<<<<<<<<<<<<<<<<<<<<<<<<<<<<<<<<<<<<<<<<<<<<<<<<<<<<<<<<<<<<<<<<<<<<<<<<<<<<<<<<<<<<<<<<<<<
                                                                                                                        
                                                                                                                        
>>>>>>>>>>>>>>>>>>>>>>>>>>>>>>>>>>>>>>>>>>>>>>>>>>>>>>>>>>>>>>>>>>>>>>>>>>>>>>>>>>>>>>>>>>>>>>>>>>>>>>>>>>>>>>>>>>>>>>>>
2024-10-24 21:52:41,076 - INFO - START NSP_Skill_Respitory_Assessment =============================================
2024-10-24 21:52:41,076 - INFO - START NSP_Skill_Respitory_Assessment Start Time = 2024-10-24 21:52:41
2024-10-24 21:52:41,076 - INFO - NSP_Skill_Respitory_Assessment Step 0 - Initialize the configuration file parser
2024-10-24 21:52:41,077 - INFO - Process NSP_Skill_Respitory_Assessment Step 0 - Initializing and starting Logging Process.
2024-10-24 21:52:41,124 - INFO - PERFORMANCE NSP_Skill_Respitory_Assessment The total process duration was:0.05
2024-10-24 21:52:41,125 - INFO - PERFORMANCE NSP_Skill_Respitory_Assessment Stop Time = 2024-10-24 21:52:41
2024-10-24 21:52:41,125 - INFO - PERFORMANCE NSP_Skill_Respitory_Assessment Short process duration less than 3 Seconds:0.05
2024-10-24 21:52:41,125 - INFO - PERFORMANCE NSP_Skill_Respitory_Assessment Performance optimization is not reccomended
2024-10-24 21:52:41,125 - INFO - END NSP_Skill_Respitory_Assessment =============================================

<<<<<<<<<<<<<<<<<<<<<<<<<<<<<<<<<<<<<<<<<<<<<<<<<<<<<<<<<<<<<<<<<<<<<<<<<<<<<<<<<<<<<<<<<<<<<<<<<<<<<<<<<<<<<<<<<<<<<<<<
                                                                                                                        
                                                                                                                        
>>>>>>>>>>>>>>>>>>>>>>>>>>>>>>>>>>>>>>>>>>>>>>>>>>>>>>>>>>>>>>>>>>>>>>>>>>>>>>>>>>>>>>>>>>>>>>>>>>>>>>>>>>>>>>>>>>>>>>>>
2024-10-24 22:01:32,862 - INFO - START NSP_Skill_Respitory_Assessment =============================================
2024-10-24 22:01:32,862 - INFO - START NSP_Skill_Respitory_Assessment Start Time = 2024-10-24 22:01:32
2024-10-24 22:01:32,862 - INFO - NSP_Skill_Respitory_Assessment Step 0 - Initialize the configuration file parser
2024-10-24 22:01:32,863 - INFO - Process NSP_Skill_Respitory_Assessment Step 0 - Initializing and starting Logging Process.
2024-10-24 22:01:32,907 - INFO - PERFORMANCE NSP_Skill_Respitory_Assessment The total process duration was:0.05
2024-10-24 22:01:32,907 - INFO - PERFORMANCE NSP_Skill_Respitory_Assessment Stop Time = 2024-10-24 22:01:32
2024-10-24 22:01:32,908 - INFO - PERFORMANCE NSP_Skill_Respitory_Assessment Short process duration less than 3 Seconds:0.05
2024-10-24 22:01:32,908 - INFO - PERFORMANCE NSP_Skill_Respitory_Assessment Performance optimization is not reccomended
2024-10-24 22:01:32,908 - INFO - END NSP_Skill_Respitory_Assessment =============================================

<<<<<<<<<<<<<<<<<<<<<<<<<<<<<<<<<<<<<<<<<<<<<<<<<<<<<<<<<<<<<<<<<<<<<<<<<<<<<<<<<<<<<<<<<<<<<<<<<<<<<<<<<<<<<<<<<<<<<<<<
                                                                                                                        
